mode: set
github.com/Andres-LaMa/csv2json/internal/converter/csv_to_json.go:11.65,13.16 2 1
github.com/Andres-LaMa/csv2json/internal/converter/csv_to_json.go:13.16,15.3 1 0
github.com/Andres-LaMa/csv2json/internal/converter/csv_to_json.go:17.2,20.24 3 1
github.com/Andres-LaMa/csv2json/internal/converter/csv_to_json.go:20.24,21.13 1 1
github.com/Andres-LaMa/csv2json/internal/converter/csv_to_json.go:21.13,23.4 1 1
github.com/Andres-LaMa/csv2json/internal/converter/csv_to_json.go:24.3,27.17 3 1
github.com/Andres-LaMa/csv2json/internal/converter/csv_to_json.go:27.17,29.4 1 0
github.com/Andres-LaMa/csv2json/internal/converter/csv_to_json.go:30.3,30.29 1 1
github.com/Andres-LaMa/csv2json/internal/converter/csv_to_json.go:33.2,34.12 2 1
github.com/Andres-LaMa/csv2json/internal/converter/json_to_csv.go:12.65,19.53 5 0
github.com/Andres-LaMa/csv2json/internal/converter/json_to_csv.go:19.53,21.3 1 0
github.com/Andres-LaMa/csv2json/internal/converter/json_to_csv.go:24.2,25.31 2 0
github.com/Andres-LaMa/csv2json/internal/converter/json_to_csv.go:25.31,27.3 1 0
github.com/Andres-LaMa/csv2json/internal/converter/json_to_csv.go:28.2,31.46 2 0
github.com/Andres-LaMa/csv2json/internal/converter/json_to_csv.go:31.46,33.3 1 0
github.com/Andres-LaMa/csv2json/internal/converter/json_to_csv.go:36.2,36.69 1 0
github.com/Andres-LaMa/csv2json/internal/converter/json_to_csv.go:36.69,38.3 1 0
github.com/Andres-LaMa/csv2json/internal/converter/json_to_csv.go:41.2,41.6 1 0
github.com/Andres-LaMa/csv2json/internal/converter/json_to_csv.go:41.6,43.49 2 0
github.com/Andres-LaMa/csv2json/internal/converter/json_to_csv.go:43.49,44.21 1 0
github.com/Andres-LaMa/csv2json/internal/converter/json_to_csv.go:44.21,45.10 1 0
github.com/Andres-LaMa/csv2json/internal/converter/json_to_csv.go:47.4,47.45 1 0
github.com/Andres-LaMa/csv2json/internal/converter/json_to_csv.go:50.3,50.65 1 0
github.com/Andres-LaMa/csv2json/internal/converter/json_to_csv.go:50.65,52.4 1 0
github.com/Andres-LaMa/csv2json/internal/converter/json_to_csv.go:55.2,55.12 1 0
github.com/Andres-LaMa/csv2json/internal/converter/json_to_csv.go:58.96,60.33 2 0
github.com/Andres-LaMa/csv2json/internal/converter/json_to_csv.go:60.33,63.3 2 0
github.com/Andres-LaMa/csv2json/internal/converter/json_to_csv.go:64.2,64.26 1 0
github.com/Andres-LaMa/csv2json/internal/converter/json_to_csv.go:67.49,68.14 1 0
github.com/Andres-LaMa/csv2json/internal/converter/json_to_csv.go:68.14,70.3 1 0
github.com/Andres-LaMa/csv2json/internal/converter/json_to_csv.go:72.2,72.25 1 0
github.com/Andres-LaMa/csv2json/internal/converter/json_to_csv.go:73.14,74.13 1 0
github.com/Andres-LaMa/csv2json/internal/converter/json_to_csv.go:75.91,76.32 1 0
github.com/Andres-LaMa/csv2json/internal/converter/json_to_csv.go:77.45,79.17 2 0
github.com/Andres-LaMa/csv2json/internal/converter/json_to_csv.go:79.17,81.4 1 0
github.com/Andres-LaMa/csv2json/internal/converter/json_to_csv.go:82.3,82.26 1 0
github.com/Andres-LaMa/csv2json/internal/converter/json_to_csv.go:83.10,84.32 1 0
github.com/Andres-LaMa/csv2json/internal/converter/types.go:34.39,36.43 1 0
github.com/Andres-LaMa/csv2json/internal/converter/types.go:36.43,38.3 1 0
github.com/Andres-LaMa/csv2json/internal/converter/types.go:41.2,41.53 1 0
github.com/Andres-LaMa/csv2json/internal/converter/types.go:41.53,43.3 1 0
github.com/Andres-LaMa/csv2json/internal/converter/types.go:46.2,46.48 1 0
github.com/Andres-LaMa/csv2json/internal/converter/types.go:46.48,48.3 1 0
github.com/Andres-LaMa/csv2json/internal/converter/types.go:51.2,56.37 2 0
github.com/Andres-LaMa/csv2json/internal/converter/types.go:56.37,57.50 1 0
github.com/Andres-LaMa/csv2json/internal/converter/types.go:57.50,59.4 1 0
github.com/Andres-LaMa/csv2json/internal/converter/types.go:63.2,64.55 2 0
github.com/Andres-LaMa/csv2json/internal/converter/types.go:64.55,66.53 2 0
github.com/Andres-LaMa/csv2json/internal/converter/types.go:66.53,68.4 1 0
github.com/Andres-LaMa/csv2json/internal/converter/types.go:72.2,72.10 1 0
github.com/Andres-LaMa/csv2json/internal/converter/types.go:76.46,78.2 1 0
github.com/Andres-LaMa/csv2json/internal/converter/types.go:81.46,82.25 1 0
github.com/Andres-LaMa/csv2json/internal/converter/types.go:83.14,84.13 1 0
github.com/Andres-LaMa/csv2json/internal/converter/types.go:85.43,86.32 1 0
github.com/Andres-LaMa/csv2json/internal/converter/types.go:87.12,88.33 1 0
github.com/Andres-LaMa/csv2json/internal/converter/types.go:89.17,90.34 1 0
github.com/Andres-LaMa/csv2json/internal/converter/types.go:91.11,92.12 1 0
github.com/Andres-LaMa/csv2json/internal/converter/types.go:93.10,95.46 1 0
github.com/Andres-LaMa/csv2json/internal/converter/types.go:95.46,97.4 1 0
github.com/Andres-LaMa/csv2json/internal/converter/types.go:98.3,98.32 1 0
github.com/Andres-LaMa/csv2json/internal/parser/csv.go:15.51,19.12 3 0
github.com/Andres-LaMa/csv2json/internal/parser/csv.go:19.12,24.17 3 0
github.com/Andres-LaMa/csv2json/internal/parser/csv.go:24.17,27.4 2 0
github.com/Andres-LaMa/csv2json/internal/parser/csv.go:29.3,29.7 1 0
github.com/Andres-LaMa/csv2json/internal/parser/csv.go:29.7,31.21 2 0
github.com/Andres-LaMa/csv2json/internal/parser/csv.go:31.21,32.10 1 0
github.com/Andres-LaMa/csv2json/internal/parser/csv.go:34.4,34.18 1 0
github.com/Andres-LaMa/csv2json/internal/parser/csv.go:34.18,36.13 2 0
github.com/Andres-LaMa/csv2json/internal/parser/csv.go:39.4,40.31 2 0
github.com/Andres-LaMa/csv2json/internal/parser/csv.go:40.31,41.26 1 0
github.com/Andres-LaMa/csv2json/internal/parser/csv.go:41.26,42.14 1 0
github.com/Andres-LaMa/csv2json/internal/parser/csv.go:44.5,45.31 2 0
github.com/Andres-LaMa/csv2json/internal/parser/csv.go:47.4,47.15 1 0
github.com/Andres-LaMa/csv2json/internal/parser/csv.go:51.2,51.18 1 0
github.com/Andres-LaMa/csv2json/internal/parser/csv.go:55.39,57.43 1 0
github.com/Andres-LaMa/csv2json/internal/parser/csv.go:57.43,59.3 1 0
github.com/Andres-LaMa/csv2json/internal/parser/csv.go:62.2,62.53 1 0
github.com/Andres-LaMa/csv2json/internal/parser/csv.go:62.53,64.3 1 0
github.com/Andres-LaMa/csv2json/internal/parser/csv.go:67.2,67.55 1 0
github.com/Andres-LaMa/csv2json/internal/parser/csv.go:67.55,69.3 1 0
github.com/Andres-LaMa/csv2json/internal/parser/csv.go:72.2,72.10 1 0
github.com/Andres-LaMa/csv2json/internal/parser/json.go:10.68,14.12 3 1
github.com/Andres-LaMa/csv2json/internal/parser/json.go:14.12,17.7 2 1
github.com/Andres-LaMa/csv2json/internal/parser/json.go:17.7,20.21 3 1
github.com/Andres-LaMa/csv2json/internal/parser/json.go:20.21,21.10 1 1
github.com/Andres-LaMa/csv2json/internal/parser/json.go:23.4,23.18 1 1
github.com/Andres-LaMa/csv2json/internal/parser/json.go:23.18,25.13 2 0
github.com/Andres-LaMa/csv2json/internal/parser/json.go:27.4,27.15 1 1
github.com/Andres-LaMa/csv2json/internal/parser/json.go:31.2,31.18 1 1
github.com/Andres-LaMa/csv2json/internal/utils/errors.go:10.38,14.12 3 0
github.com/Andres-LaMa/csv2json/internal/utils/errors.go:14.12,18.3 3 0
github.com/Andres-LaMa/csv2json/internal/utils/logger.go:14.26,16.2 1 1
github.com/Andres-LaMa/csv2json/internal/utils/logger.go:18.32,19.25 1 1
github.com/Andres-LaMa/csv2json/internal/utils/logger.go:20.13,21.33 1 0
github.com/Andres-LaMa/csv2json/internal/utils/logger.go:22.14,23.25 1 1
github.com/Andres-LaMa/csv2json/internal/utils/logger.go:24.10,25.37 1 0
github.com/Andres-LaMa/csv2json/cmd/converter/main.go:19.13,23.43 3 1
github.com/Andres-LaMa/csv2json/cmd/converter/main.go:23.43,26.3 2 0
github.com/Andres-LaMa/csv2json/cmd/converter/main.go:29.2,30.16 2 1
github.com/Andres-LaMa/csv2json/cmd/converter/main.go:30.16,33.3 2 0
github.com/Andres-LaMa/csv2json/cmd/converter/main.go:34.2,38.16 3 1
github.com/Andres-LaMa/csv2json/cmd/converter/main.go:38.16,41.3 2 0
github.com/Andres-LaMa/csv2json/cmd/converter/main.go:42.2,45.15 2 1
github.com/Andres-LaMa/csv2json/cmd/converter/main.go:46.18,47.43 1 1
github.com/Andres-LaMa/csv2json/cmd/converter/main.go:48.18,49.43 1 0
github.com/Andres-LaMa/csv2json/cmd/converter/main.go:50.10,51.77 1 0
github.com/Andres-LaMa/csv2json/cmd/converter/main.go:54.2,54.16 1 1
github.com/Andres-LaMa/csv2json/cmd/converter/main.go:54.16,57.3 2 0
github.com/Andres-LaMa/csv2json/cmd/converter/main.go:59.2,59.76 1 1
